[INFO  - 2018-02-19T00:55:21.715Z] GhostDriver - Main - running on port 63015
[INFO  - 2018-02-19T00:55:22.169Z] Session [90218a10-150f-11e8-b7fa-233b9f7a0883] - page.settings - {"XSSAuditingEnabled":false,"javascriptCanCloseWindows":true,"javascriptCanOpenWindows":true,"javascriptEnabled":true,"loadImages":true,"localToRemoteUrlAccessEnabled":false,"userAgent":"Mozilla/5.0 (Macintosh; Intel Mac OS X 10_12_3) AppleWebKit/537.36 (KHTML, like Gecko) Chrome/57.0.2987.133 Safari/537.36","webSecurityEnabled":true}
[INFO  - 2018-02-19T00:55:22.169Z] Session [90218a10-150f-11e8-b7fa-233b9f7a0883] - page.customHeaders:  - {}
[INFO  - 2018-02-19T00:55:22.169Z] Session [90218a10-150f-11e8-b7fa-233b9f7a0883] - Session.negotiatedCapabilities - {"browserName":"phantomjs","version":"2.1.1","driverName":"ghostdriver","driverVersion":"1.2.0","platform":"mac-10.11 (El Capitan)-64bit","javascriptEnabled":true,"takesScreenshot":true,"handlesAlerts":false,"databaseEnabled":false,"locationContextEnabled":false,"applicationCacheEnabled":false,"browserConnectionEnabled":false,"cssSelectorsEnabled":true,"webStorageEnabled":false,"rotatable":false,"acceptSslCerts":false,"nativeEvents":true,"proxy":{"proxyType":"direct"},"phantomjs.page.settings.userAgent":"Mozilla/5.0 (Macintosh; Intel Mac OS X 10_12_3) AppleWebKit/537.36 (KHTML, like Gecko) Chrome/57.0.2987.133 Safari/537.36"}
[INFO  - 2018-02-19T00:55:22.169Z] SessionManagerReqHand - _postNewSessionCommand - New Session Created: 90218a10-150f-11e8-b7fa-233b9f7a0883
[ERROR - 2018-02-19T00:55:24.099Z] Session [90218a10-150f-11e8-b7fa-233b9f7a0883] - page.onError - msg: ReferenceError: Can't find variable: etag_ngx_str

  phantomjs://platform/console++.js:263 in error
[ERROR - 2018-02-19T00:55:24.099Z] Session [90218a10-150f-11e8-b7fa-233b9f7a0883] - page.onError - stack:
  global code (http://beacon.sina.com.cn/h.js:1)

  phantomjs://platform/console++.js:263 in error
[ERROR - 2018-02-19T00:55:25.650Z] WebElementLocator - _handleLocateCommand - Element(s) NOT Found: GAVE UP. Search Stop Time: 1519001725620

  phantomjs://platform/console++.js:263 in error
[ERROR - 2018-02-19T00:55:27.437Z] WebElementLocator - _handleLocateCommand - Element(s) NOT Found: GAVE UP. Search Stop Time: 1519001727414

  phantomjs://platform/console++.js:263 in error
[ERROR - 2018-02-19T00:55:29.129Z] WebElementLocator - _handleLocateCommand - Element(s) NOT Found: GAVE UP. Search Stop Time: 1519001729103

  phantomjs://platform/console++.js:263 in error
[ERROR - 2018-02-19T00:55:51.011Z] Session [90218a10-150f-11e8-b7fa-233b9f7a0883] - page.onError - msg: ReferenceError: Can't find variable: etag_ngx_str

  phantomjs://platform/console++.js:263 in error
[ERROR - 2018-02-19T00:55:51.011Z] Session [90218a10-150f-11e8-b7fa-233b9f7a0883] - page.onError - stack:
  global code (http://beacon.sina.com.cn/h.js:1)

  phantomjs://platform/console++.js:263 in error
[ERROR - 2018-02-19T00:55:52.205Z] WebElementLocator - _handleLocateCommand - Element(s) NOT Found: GAVE UP. Search Stop Time: 1519001752184

  phantomjs://platform/console++.js:263 in error
[ERROR - 2018-02-19T00:55:53.932Z] WebElementLocator - _handleLocateCommand - Element(s) NOT Found: GAVE UP. Search Stop Time: 1519001753907

  phantomjs://platform/console++.js:263 in error
